09:51:43 INFO  - Start superScheduler
09:51:43 INFO  - Start methodloginLogoutTestWithCredentialsDTO
09:51:44 INFO  - Start find element-->By.xpath: //*[@resource-id='com.example.svetlana.scheduler:id/log_email_input']
09:51:44 INFO  - Find find element-->By.xpath: //*[@resource-id='com.example.svetlana.scheduler:id/log_email_input']
09:51:45 INFO  - Start find element-->By.xpath: //*[@resource-id='com.example.svetlana.scheduler:id/log_email_input']
09:51:45 INFO  - Find find element-->By.xpath: //*[@resource-id='com.example.svetlana.scheduler:id/log_email_input']
09:51:45 INFO  - Start find element-->By.xpath: //*[@resource-id='com.example.svetlana.scheduler:id/log_email_input']
09:51:46 INFO  - Find find element-->By.xpath: //*[@resource-id='com.example.svetlana.scheduler:id/log_email_input']
09:51:47 INFO  - Start find element-->By.xpath: //*[@resource-id='com.example.svetlana.scheduler:id/log_email_input']
09:51:47 INFO  - Find find element-->By.xpath: //*[@resource-id='com.example.svetlana.scheduler:id/log_email_input']
09:51:48 INFO  - Start find element-->By.xpath: //*[@resource-id='com.example.svetlana.scheduler:id/log_password_input']
09:51:49 INFO  - Find find element-->By.xpath: //*[@resource-id='com.example.svetlana.scheduler:id/log_password_input']
09:51:49 INFO  - Start find element-->By.xpath: //*[@resource-id='com.example.svetlana.scheduler:id/log_password_input']
09:51:50 INFO  - Find find element-->By.xpath: //*[@resource-id='com.example.svetlana.scheduler:id/log_password_input']
09:51:51 INFO  - Start find element-->By.xpath: //*[@resource-id='com.example.svetlana.scheduler:id/log_password_input']
09:51:51 INFO  - Find find element-->By.xpath: //*[@resource-id='com.example.svetlana.scheduler:id/log_password_input']
09:51:53 INFO  - Start find element-->By.xpath: //*[@resource-id='com.example.svetlana.scheduler:id/login_btn']
09:51:54 INFO  - Find find element-->By.xpath: //*[@resource-id='com.example.svetlana.scheduler:id/login_btn']
09:51:54 INFO  - Start find element-->By.xpath: //*[@resource-id='com.example.svetlana.scheduler:id/wizard_settings_skip']
09:52:15 INFO  - Find find element-->By.xpath: //*[@resource-id='com.example.svetlana.scheduler:id/wizard_settings_skip']
09:52:15 INFO  - org.openqa.selenium.NoSuchElementException: An element could not be located on the page using the given search parameters.
For documentation on this error, please visit: https://www.seleniumhq.org/exceptions/no_such_element.html
Build info: version: '3.141.59', revision: 'e82be7d358', time: '2018-11-14T08:17:03'
System info: host: 'DESKTOP-V8HD5F2', ip: '192.168.1.28', os.name: 'Windows 10', os.arch: 'amd64', os.version: '10.0', java.version: '11.0.11'
Driver info: io.appium.java_client.AppiumDriver
Capabilities {appActivity: .presentation.splashScreen...., appPackage: com.example.svetlana.scheduler, automationName: Appium, databaseEnabled: false, desired: {appActivity: .presentation.splashScreen...., appPackage: com.example.svetlana.scheduler, automationName: Appium, deviceName: Nex5, platformName: android, platformVersion: 8.0}, deviceApiLevel: 26, deviceManufacturer: Google, deviceModel: Android SDK built for x86, deviceName: emulator-5554, deviceScreenDensity: 420, deviceScreenSize: 1080x1920, deviceUDID: emulator-5554, javascriptEnabled: true, locationContextEnabled: false, networkConnectionEnabled: true, pixelRatio: 2.625, platform: LINUX, platformName: Android, platformVersion: 8.0.0, statBarHeight: 63, takesScreenshot: true, viewportRect: {height: 1731, left: 0, top: 63, width: 1080}, warnings: {}, webStorageEnabled: false}
Session ID: f00b0b45-1649-41fa-9e2e-5b34c8b43a57
*** Element info: {Using=xpath, value=//*[@resource-id='com.example.svetlana.scheduler:id/wizard_settings_skip']}
09:52:17 INFO  - Screenshot with error in -->src\test\screenshots\screen-454639.png
09:52:17 INFO  - Start find element-->By.chained({By.xpath: //*[@content-desc = 'Open']})
09:52:17 INFO  - Find find element-->By.chained({By.xpath: //*[@content-desc = 'Open']})
09:52:17 INFO  - Start find element-->By.chained({By.xpath: //*[@resource-id = 'com.example.svetlana.scheduler:id/nav_fr_logout']})
09:52:19 INFO  - Find find element-->By.chained({By.xpath: //*[@resource-id = 'com.example.svetlana.scheduler:id/nav_fr_logout']})
09:52:19 INFO  - Start find element-->By.xpath: //*[@resource-id='com.example.svetlana.scheduler:id/login_btn']
09:52:21 INFO  - Find find element-->By.xpath: //*[@resource-id='com.example.svetlana.scheduler:id/login_btn']
09:52:21 INFO  - Stop methodloginLogoutTestWithCredentialsDTO
09:52:21 INFO  - Start methodloginLogoutTestWithCredentialsDTO
09:52:21 INFO  - Start find element-->By.xpath: //*[@resource-id='com.example.svetlana.scheduler:id/log_email_input']
09:52:21 INFO  - Find find element-->By.xpath: //*[@resource-id='com.example.svetlana.scheduler:id/log_email_input']
09:52:21 INFO  - Start find element-->By.xpath: //*[@resource-id='com.example.svetlana.scheduler:id/log_email_input']
09:52:22 INFO  - Find find element-->By.xpath: //*[@resource-id='com.example.svetlana.scheduler:id/log_email_input']
09:52:22 INFO  - Start find element-->By.xpath: //*[@resource-id='com.example.svetlana.scheduler:id/log_email_input']
09:52:23 INFO  - Find find element-->By.xpath: //*[@resource-id='com.example.svetlana.scheduler:id/log_email_input']
09:52:24 INFO  - Start find element-->By.xpath: //*[@resource-id='com.example.svetlana.scheduler:id/log_email_input']
09:52:24 INFO  - Find find element-->By.xpath: //*[@resource-id='com.example.svetlana.scheduler:id/log_email_input']
09:52:25 INFO  - Start find element-->By.xpath: //*[@resource-id='com.example.svetlana.scheduler:id/log_password_input']
09:52:26 INFO  - Find find element-->By.xpath: //*[@resource-id='com.example.svetlana.scheduler:id/log_password_input']
09:52:26 INFO  - Start find element-->By.xpath: //*[@resource-id='com.example.svetlana.scheduler:id/log_password_input']
09:52:27 INFO  - Find find element-->By.xpath: //*[@resource-id='com.example.svetlana.scheduler:id/log_password_input']
09:52:27 INFO  - Start find element-->By.xpath: //*[@resource-id='com.example.svetlana.scheduler:id/log_password_input']
09:52:28 INFO  - Find find element-->By.xpath: //*[@resource-id='com.example.svetlana.scheduler:id/log_password_input']
09:52:30 INFO  - Start find element-->By.xpath: //*[@resource-id='com.example.svetlana.scheduler:id/login_btn']
09:52:30 INFO  - Find find element-->By.xpath: //*[@resource-id='com.example.svetlana.scheduler:id/login_btn']
09:52:30 INFO  - Start find element-->By.xpath: //*[@resource-id='com.example.svetlana.scheduler:id/wizard_settings_skip']
09:52:32 INFO  - Find find element-->By.xpath: //*[@resource-id='com.example.svetlana.scheduler:id/wizard_settings_skip']
09:52:32 INFO  - Start find element-->By.xpath: //*[@resource-id='com.example.svetlana.scheduler:id/wizard_settings_skip']
09:52:33 INFO  - Find find element-->By.xpath: //*[@resource-id='com.example.svetlana.scheduler:id/wizard_settings_skip']
09:52:33 INFO  - Start find element-->By.chained({By.xpath: //*[@content-desc = 'Open']})
09:52:34 INFO  - Find find element-->By.chained({By.xpath: //*[@content-desc = 'Open']})
09:52:34 INFO  - Start find element-->By.chained({By.xpath: //*[@resource-id = 'com.example.svetlana.scheduler:id/nav_fr_logout']})
09:52:36 INFO  - Find find element-->By.chained({By.xpath: //*[@resource-id = 'com.example.svetlana.scheduler:id/nav_fr_logout']})
09:52:36 INFO  - Start find element-->By.xpath: //*[@resource-id='com.example.svetlana.scheduler:id/login_btn']
09:52:37 INFO  - Find find element-->By.xpath: //*[@resource-id='com.example.svetlana.scheduler:id/login_btn']
09:52:37 INFO  - Stop methodloginLogoutTestWithCredentialsDTO
