09:57:53 INFO  - Start superScheduler
09:57:53 INFO  - Start methodloginLogoutTestWithCredentialsDTO
09:57:54 INFO  - Start find element-->By.xpath: //*[@resource-id='com.example.svetlana.scheduler:id/app_version_res']
09:58:14 INFO  - Find find element-->By.xpath: //*[@resource-id='com.example.svetlana.scheduler:id/app_version_res']
09:58:14 INFO  - org.openqa.selenium.NoSuchElementException: An element could not be located on the page using the given search parameters.
For documentation on this error, please visit: https://www.seleniumhq.org/exceptions/no_such_element.html
Build info: version: '3.141.59', revision: 'e82be7d358', time: '2018-11-14T08:17:03'
System info: host: 'DESKTOP-V8HD5F2', ip: '192.168.1.28', os.name: 'Windows 10', os.arch: 'amd64', os.version: '10.0', java.version: '11.0.11'
Driver info: io.appium.java_client.AppiumDriver
Capabilities {appActivity: .presentation.splashScreen...., appPackage: com.example.svetlana.scheduler, automationName: Appium, databaseEnabled: false, desired: {appActivity: .presentation.splashScreen...., appPackage: com.example.svetlana.scheduler, automationName: Appium, deviceName: Nex5, platformName: android, platformVersion: 8.0}, deviceApiLevel: 26, deviceManufacturer: Google, deviceModel: Android SDK built for x86, deviceName: emulator-5554, deviceScreenDensity: 420, deviceScreenSize: 1080x1920, deviceUDID: emulator-5554, javascriptEnabled: true, locationContextEnabled: false, networkConnectionEnabled: true, pixelRatio: 2.625, platform: LINUX, platformName: Android, platformVersion: 8.0.0, statBarHeight: 63, takesScreenshot: true, viewportRect: {height: 1731, left: 0, top: 63, width: 1080}, warnings: {}, webStorageEnabled: false}
Session ID: caa3bb3a-acb5-4d1c-a878-f50f1acb84c8
*** Element info: {Using=xpath, value=//*[@resource-id='com.example.svetlana.scheduler:id/app_version_res']}
09:58:16 INFO  - Screenshot with error in -->src\test\screenshots\screen-454639.png
09:58:16 INFO  - Stop methodloginLogoutTestWithCredentialsDTO
09:58:16 INFO  - Start methodloginLogoutTestWithCredentialsDTO
09:58:16 INFO  - Start find element-->By.xpath: //*[@resource-id='com.example.svetlana.scheduler:id/app_version_res']
09:58:36 INFO  - Find find element-->By.xpath: //*[@resource-id='com.example.svetlana.scheduler:id/app_version_res']
09:58:36 INFO  - org.openqa.selenium.NoSuchElementException: An element could not be located on the page using the given search parameters.
For documentation on this error, please visit: https://www.seleniumhq.org/exceptions/no_such_element.html
Build info: version: '3.141.59', revision: 'e82be7d358', time: '2018-11-14T08:17:03'
System info: host: 'DESKTOP-V8HD5F2', ip: '192.168.1.28', os.name: 'Windows 10', os.arch: 'amd64', os.version: '10.0', java.version: '11.0.11'
Driver info: io.appium.java_client.AppiumDriver
Capabilities {appActivity: .presentation.splashScreen...., appPackage: com.example.svetlana.scheduler, automationName: Appium, databaseEnabled: false, desired: {appActivity: .presentation.splashScreen...., appPackage: com.example.svetlana.scheduler, automationName: Appium, deviceName: Nex5, platformName: android, platformVersion: 8.0}, deviceApiLevel: 26, deviceManufacturer: Google, deviceModel: Android SDK built for x86, deviceName: emulator-5554, deviceScreenDensity: 420, deviceScreenSize: 1080x1920, deviceUDID: emulator-5554, javascriptEnabled: true, locationContextEnabled: false, networkConnectionEnabled: true, pixelRatio: 2.625, platform: LINUX, platformName: Android, platformVersion: 8.0.0, statBarHeight: 63, takesScreenshot: true, viewportRect: {height: 1731, left: 0, top: 63, width: 1080}, warnings: {}, webStorageEnabled: false}
Session ID: caa3bb3a-acb5-4d1c-a878-f50f1acb84c8
*** Element info: {Using=xpath, value=//*[@resource-id='com.example.svetlana.scheduler:id/app_version_res']}
09:58:38 INFO  - Screenshot with error in -->src\test\screenshots\screen-454639.png
09:58:38 INFO  - Stop methodloginLogoutTestWithCredentialsDTO
