10:03:06 INFO  - Start superScheduler
10:03:06 INFO  - Start methodloginLogoutTestWithCredentialsDTO
10:03:06 INFO  - Start find element-->By.xpath: //*[@resource-id='com.example.svetlana.scheduler:id/log_email_input']
10:03:07 INFO  - Find find element-->By.xpath: //*[@resource-id='com.example.svetlana.scheduler:id/log_email_input']
10:03:07 INFO  - Start find element-->By.xpath: //*[@resource-id='com.example.svetlana.scheduler:id/log_email_input']
10:03:07 INFO  - Find find element-->By.xpath: //*[@resource-id='com.example.svetlana.scheduler:id/log_email_input']
10:03:08 INFO  - Start find element-->By.xpath: //*[@resource-id='com.example.svetlana.scheduler:id/log_email_input']
10:03:09 INFO  - Find find element-->By.xpath: //*[@resource-id='com.example.svetlana.scheduler:id/log_email_input']
10:03:10 INFO  - Start find element-->By.xpath: //*[@resource-id='com.example.svetlana.scheduler:id/log_email_input']
10:03:10 INFO  - Find find element-->By.xpath: //*[@resource-id='com.example.svetlana.scheduler:id/log_email_input']
10:03:11 INFO  - Start find element-->By.xpath: //*[@resource-id='com.example.svetlana.scheduler:id/log_password_input']
10:03:12 INFO  - Find find element-->By.xpath: //*[@resource-id='com.example.svetlana.scheduler:id/log_password_input']
10:03:12 INFO  - Start find element-->By.xpath: //*[@resource-id='com.example.svetlana.scheduler:id/log_password_input']
10:03:13 INFO  - Find find element-->By.xpath: //*[@resource-id='com.example.svetlana.scheduler:id/log_password_input']
10:03:14 INFO  - Start find element-->By.xpath: //*[@resource-id='com.example.svetlana.scheduler:id/log_password_input']
10:03:14 INFO  - Find find element-->By.xpath: //*[@resource-id='com.example.svetlana.scheduler:id/log_password_input']
10:03:16 INFO  - Start find element-->By.xpath: //*[@resource-id='com.example.svetlana.scheduler:id/login_btn']
10:03:17 INFO  - Find find element-->By.xpath: //*[@resource-id='com.example.svetlana.scheduler:id/login_btn']
10:03:17 INFO  - Start find element-->By.xpath: //*[@resource-id='com.example.svetlana.scheduler:id/wizard_settings_skip']
10:03:37 INFO  - Find find element-->By.xpath: //*[@resource-id='com.example.svetlana.scheduler:id/wizard_settings_skip']
10:03:37 INFO  - org.openqa.selenium.NoSuchElementException: An element could not be located on the page using the given search parameters.
For documentation on this error, please visit: https://www.seleniumhq.org/exceptions/no_such_element.html
Build info: version: '3.141.59', revision: 'e82be7d358', time: '2018-11-14T08:17:03'
System info: host: 'DESKTOP-V8HD5F2', ip: '192.168.1.28', os.name: 'Windows 10', os.arch: 'amd64', os.version: '10.0', java.version: '11.0.11'
Driver info: io.appium.java_client.AppiumDriver
Capabilities {appActivity: .presentation.splashScreen...., appPackage: com.example.svetlana.scheduler, automationName: Appium, databaseEnabled: false, desired: {appActivity: .presentation.splashScreen...., appPackage: com.example.svetlana.scheduler, automationName: Appium, deviceName: Nex5, platformName: android, platformVersion: 8.0}, deviceApiLevel: 26, deviceManufacturer: Google, deviceModel: Android SDK built for x86, deviceName: emulator-5554, deviceScreenDensity: 420, deviceScreenSize: 1080x1920, deviceUDID: emulator-5554, javascriptEnabled: true, locationContextEnabled: false, networkConnectionEnabled: true, pixelRatio: 2.625, platform: LINUX, platformName: Android, platformVersion: 8.0.0, statBarHeight: 63, takesScreenshot: true, viewportRect: {height: 1731, left: 0, top: 63, width: 1080}, warnings: {}, webStorageEnabled: false}
Session ID: 2e23c8c0-666c-4ad2-8ef2-5c2180f6bcd6
*** Element info: {Using=xpath, value=//*[@resource-id='com.example.svetlana.scheduler:id/wizard_settings_skip']}
10:03:39 INFO  - Screenshot with error in -->src\test\screenshots\screen-454640.png
10:03:39 INFO  - Start find element-->By.chained({By.xpath: //*[@content-desc = 'Open']})
10:03:39 INFO  - Find find element-->By.chained({By.xpath: //*[@content-desc = 'Open']})
10:03:39 INFO  - Start find element-->By.chained({By.xpath: //*[@resource-id = 'com.example.svetlana.scheduler:id/nav_fr_logout']})
10:03:41 INFO  - Find find element-->By.chained({By.xpath: //*[@resource-id = 'com.example.svetlana.scheduler:id/nav_fr_logout']})
10:03:41 INFO  - Start find element-->By.xpath: //*[@resource-id='com.example.svetlana.scheduler:id/login_btn']
10:03:42 INFO  - Find find element-->By.xpath: //*[@resource-id='com.example.svetlana.scheduler:id/login_btn']
10:03:42 INFO  - Stop methodloginLogoutTestWithCredentialsDTO
10:03:42 INFO  - Start methodloginLogoutTestWithCredentialsDTO
10:03:42 INFO  - Start find element-->By.xpath: //*[@resource-id='com.example.svetlana.scheduler:id/log_email_input']
10:03:42 INFO  - Find find element-->By.xpath: //*[@resource-id='com.example.svetlana.scheduler:id/log_email_input']
10:03:43 INFO  - Start find element-->By.xpath: //*[@resource-id='com.example.svetlana.scheduler:id/log_email_input']
10:03:43 INFO  - Find find element-->By.xpath: //*[@resource-id='com.example.svetlana.scheduler:id/log_email_input']
10:03:43 INFO  - Start find element-->By.xpath: //*[@resource-id='com.example.svetlana.scheduler:id/log_email_input']
10:03:44 INFO  - Find find element-->By.xpath: //*[@resource-id='com.example.svetlana.scheduler:id/log_email_input']
10:03:44 INFO  - Start find element-->By.xpath: //*[@resource-id='com.example.svetlana.scheduler:id/log_email_input']
10:03:45 INFO  - Find find element-->By.xpath: //*[@resource-id='com.example.svetlana.scheduler:id/log_email_input']
10:03:46 INFO  - Start find element-->By.xpath: //*[@resource-id='com.example.svetlana.scheduler:id/log_password_input']
10:03:46 INFO  - Find find element-->By.xpath: //*[@resource-id='com.example.svetlana.scheduler:id/log_password_input']
10:03:46 INFO  - Start find element-->By.xpath: //*[@resource-id='com.example.svetlana.scheduler:id/log_password_input']
10:03:47 INFO  - Find find element-->By.xpath: //*[@resource-id='com.example.svetlana.scheduler:id/log_password_input']
10:03:48 INFO  - Start find element-->By.xpath: //*[@resource-id='com.example.svetlana.scheduler:id/log_password_input']
10:03:48 INFO  - Find find element-->By.xpath: //*[@resource-id='com.example.svetlana.scheduler:id/log_password_input']
10:03:50 INFO  - Start find element-->By.xpath: //*[@resource-id='com.example.svetlana.scheduler:id/login_btn']
10:03:50 INFO  - Find find element-->By.xpath: //*[@resource-id='com.example.svetlana.scheduler:id/login_btn']
10:03:51 INFO  - Start find element-->By.xpath: //*[@resource-id='com.example.svetlana.scheduler:id/wizard_settings_skip']
10:04:11 INFO  - Find find element-->By.xpath: //*[@resource-id='com.example.svetlana.scheduler:id/wizard_settings_skip']
10:04:11 INFO  - org.openqa.selenium.NoSuchElementException: An element could not be located on the page using the given search parameters.
For documentation on this error, please visit: https://www.seleniumhq.org/exceptions/no_such_element.html
Build info: version: '3.141.59', revision: 'e82be7d358', time: '2018-11-14T08:17:03'
System info: host: 'DESKTOP-V8HD5F2', ip: '192.168.1.28', os.name: 'Windows 10', os.arch: 'amd64', os.version: '10.0', java.version: '11.0.11'
Driver info: io.appium.java_client.AppiumDriver
Capabilities {appActivity: .presentation.splashScreen...., appPackage: com.example.svetlana.scheduler, automationName: Appium, databaseEnabled: false, desired: {appActivity: .presentation.splashScreen...., appPackage: com.example.svetlana.scheduler, automationName: Appium, deviceName: Nex5, platformName: android, platformVersion: 8.0}, deviceApiLevel: 26, deviceManufacturer: Google, deviceModel: Android SDK built for x86, deviceName: emulator-5554, deviceScreenDensity: 420, deviceScreenSize: 1080x1920, deviceUDID: emulator-5554, javascriptEnabled: true, locationContextEnabled: false, networkConnectionEnabled: true, pixelRatio: 2.625, platform: LINUX, platformName: Android, platformVersion: 8.0.0, statBarHeight: 63, takesScreenshot: true, viewportRect: {height: 1731, left: 0, top: 63, width: 1080}, warnings: {}, webStorageEnabled: false}
Session ID: 2e23c8c0-666c-4ad2-8ef2-5c2180f6bcd6
*** Element info: {Using=xpath, value=//*[@resource-id='com.example.svetlana.scheduler:id/wizard_settings_skip']}
10:04:13 INFO  - Screenshot with error in -->src\test\screenshots\screen-454640.png
10:04:13 INFO  - Start find element-->By.chained({By.xpath: //*[@content-desc = 'Open']})
10:04:13 INFO  - Find find element-->By.chained({By.xpath: //*[@content-desc = 'Open']})
10:04:13 INFO  - Start find element-->By.chained({By.xpath: //*[@resource-id = 'com.example.svetlana.scheduler:id/nav_fr_logout']})
10:04:14 INFO  - Find find element-->By.chained({By.xpath: //*[@resource-id = 'com.example.svetlana.scheduler:id/nav_fr_logout']})
10:04:14 INFO  - Start find element-->By.xpath: //*[@resource-id='com.example.svetlana.scheduler:id/login_btn']
10:04:16 INFO  - Find find element-->By.xpath: //*[@resource-id='com.example.svetlana.scheduler:id/login_btn']
10:04:16 INFO  - Stop methodloginLogoutTestWithCredentialsDTO
